<?xml version="1.0" encoding="UTF-8"?>
<!-- Generated by org.testng.reporters.JUnitXMLReporter -->
<testsuite hostname="somasekhar-Vostro-3480" name="Test" tests="1" failures="0" timestamp="11 May 2020 11:28:03 GMT" time="0.064" errors="0">
  <testcase name="@BeforeClass setUp" time="0.0" classname="com.learnSutomation.testcases.LoginTestCrm">
    <failure type="java.lang.IllegalStateException" message="The driver executable does not exist: /home/somasekhar/Documents/workPlace/MyProgect/Drivers/chromedriver">
      <![CDATA[java.lang.IllegalStateException: The driver executable does not exist: /home/somasekhar/Documents/workPlace/MyProgect/Drivers/chromedriver
	at com.google.common.base.Preconditions.checkState(Preconditions.java:585)
	at org.openqa.selenium.remote.service.DriverService.checkExecutable(DriverService.java:136)
	at org.openqa.selenium.remote.service.DriverService.findExecutable(DriverService.java:131)
	at org.openqa.selenium.chrome.ChromeDriverService.access$000(ChromeDriverService.java:32)
	at org.openqa.selenium.chrome.ChromeDriverService$Builder.findDefaultExecutable(ChromeDriverService.java:137)
	at org.openqa.selenium.remote.service.DriverService$Builder.build(DriverService.java:339)
	at org.openqa.selenium.chrome.ChromeDriverService.createDefaultService(ChromeDriverService.java:88)
	at org.openqa.selenium.chrome.ChromeDriver.<init>(ChromeDriver.java:123)
	at com.learnSutomation.utilitys.BrowserFactory.startApplycations(BrowserFactory.java:17)
	at com.learnSutomation.pages.Baseclass.setUp(Baseclass.java:57)
... Removed 24 stack frames]]>
    </failure>
  </testcase> <!-- @BeforeClass setUp -->
  <testcase name="@AfterMethod tearDownMethod" time="0.0" classname="com.learnSutomation.testcases.LoginTestCrm">
    <skipped/>
  </testcase> <!-- @AfterMethod tearDownMethod -->
  <testcase name="@AfterClass tearDown" time="0.0" classname="com.learnSutomation.testcases.LoginTestCrm">
    <skipped/>
  </testcase> <!-- @AfterClass tearDown -->
  <testcase name="loginApp" time="0.002" classname="com.learnSutomation.testcases.LoginTestCrm">
    <skipped/>
  </testcase> <!-- loginApp -->
</testsuite> <!-- Test -->
