<?xml version="1.0" encoding="UTF-8"?>
<testng-results skipped="0" failed="0" total="1" passed="1">
  <reporter-output>
    <line>
      <![CDATA[Setting up reports and test is getting ready]]>
    </line>
    <line>
      <![CDATA[Setting done - Test can be started]]>
    </line>
    <line>
      <![CDATA[Settigs done test can be started]]>
    </line>
    <line>
      <![CDATA[Test is about to end ]]>
    </line>
    <line>
      <![CDATA[Test complited >>> Reports genarated]]>
    </line>
  </reporter-output>
  <suite name="Default suite" duration-ms="14204" started-at="2020-05-11T11:42:01Z" finished-at="2020-05-11T11:42:15Z">
    <groups>
    </groups>
    <test name="Default test" duration-ms="14204" started-at="2020-05-11T11:42:01Z" finished-at="2020-05-11T11:42:15Z">
      <class name="com.learnSutomation.testcases.LoginTestCrm">
        <test-method status="PASS" signature="setUpSuite()[pri:0, instance:com.learnSutomation.testcases.LoginTestCrm@7a30d1e6]" name="setUpSuite" is-config="true" duration-ms="651" started-at="2020-05-11T17:12:00Z" finished-at="2020-05-11T17:12:01Z">
          <reporter-output>
            <line>
              <![CDATA[Setting up reports and test is getting ready]]>
            </line>
            <line>
              <![CDATA[Setting done - Test can be started]]>
            </line>
          </reporter-output>
        </test-method> <!-- setUpSuite -->
        <test-method status="PASS" signature="setUp()[pri:0, instance:com.learnSutomation.testcases.LoginTestCrm@7a30d1e6]" name="setUp" is-config="true" duration-ms="3391" started-at="2020-05-11T17:12:01Z" finished-at="2020-05-11T17:12:04Z">
          <reporter-output>
            <line>
              <![CDATA[Settigs done test can be started]]>
            </line>
          </reporter-output>
        </test-method> <!-- setUp -->
        <test-method status="PASS" signature="loginApp()[pri:0, instance:com.learnSutomation.testcases.LoginTestCrm@7a30d1e6]" name="loginApp" duration-ms="10185" started-at="2020-05-11T17:12:04Z" finished-at="2020-05-11T17:12:15Z">
          <reporter-output>
          </reporter-output>
        </test-method> <!-- loginApp -->
        <test-method status="PASS" signature="tearDownMethod(org.testng.ITestResult)[pri:0, instance:com.learnSutomation.testcases.LoginTestCrm@7a30d1e6]" name="tearDownMethod" is-config="true" duration-ms="485" started-at="2020-05-11T17:12:15Z" finished-at="2020-05-11T17:12:15Z">
          <params>
            <param index="0">
              <value>
                <![CDATA[[TestResult name=loginApp status=SUCCESS method=LoginTestCrm.loginApp()[pri:0, instance:com.learnSutomation.testcases.LoginTestCrm@7a30d1e6] output={null}]]]>
              </value>
            </param>
          </params>
          <reporter-output>
            <line>
              <![CDATA[Test is about to end ]]>
            </line>
            <line>
              <![CDATA[Test complited >>> Reports genarated]]>
            </line>
          </reporter-output>
        </test-method> <!-- tearDownMethod -->
        <test-method status="PASS" signature="tearDown()[pri:0, instance:com.learnSutomation.testcases.LoginTestCrm@7a30d1e6]" name="tearDown" is-config="true" duration-ms="127" started-at="2020-05-11T17:12:15Z" finished-at="2020-05-11T17:12:15Z">
          <reporter-output>
          </reporter-output>
        </test-method> <!-- tearDown -->
      </class> <!-- com.learnSutomation.testcases.LoginTestCrm -->
    </test> <!-- Default test -->
  </suite> <!-- Default suite -->
</testng-results>
