<?xml version="1.0" encoding="UTF-8"?>
<testng-results skipped="0" failed="0" total="1" passed="1">
  <reporter-output>
    <line>
      <![CDATA[Setting up reports and test is getting ready]]>
    </line>
    <line>
      <![CDATA[Setting done - Test can be started]]>
    </line>
    <line>
      <![CDATA[Settigs done test can be started]]>
    </line>
    <line>
      <![CDATA[Test is about to end ]]>
    </line>
    <line>
      <![CDATA[Test complited >>> Reports genarated]]>
    </line>
  </reporter-output>
  <suite name="Default suite" duration-ms="24767" started-at="2020-05-02T13:55:10Z" finished-at="2020-05-02T13:55:35Z">
    <groups>
    </groups>
    <test name="Default test" duration-ms="24767" started-at="2020-05-02T13:55:10Z" finished-at="2020-05-02T13:55:35Z">
      <class name="com.learnSutomation.testcases.LoginTestCrm">
        <test-method status="PASS" signature="setUpSuite()[pri:0, instance:com.learnSutomation.testcases.LoginTestCrm@27efef64]" name="setUpSuite" is-config="true" duration-ms="414" started-at="2020-05-02T19:25:10Z" finished-at="2020-05-02T19:25:10Z">
          <reporter-output>
            <line>
              <![CDATA[Setting up reports and test is getting ready]]>
            </line>
            <line>
              <![CDATA[Setting done - Test can be started]]>
            </line>
          </reporter-output>
        </test-method> <!-- setUpSuite -->
        <test-method status="PASS" signature="setUp()[pri:0, instance:com.learnSutomation.testcases.LoginTestCrm@27efef64]" name="setUp" is-config="true" duration-ms="4079" started-at="2020-05-02T19:25:10Z" finished-at="2020-05-02T19:25:14Z">
          <reporter-output>
            <line>
              <![CDATA[Settigs done test can be started]]>
            </line>
          </reporter-output>
        </test-method> <!-- setUp -->
        <test-method status="PASS" signature="loginApp()[pri:0, instance:com.learnSutomation.testcases.LoginTestCrm@27efef64]" name="loginApp" duration-ms="20360" started-at="2020-05-02T19:25:14Z" finished-at="2020-05-02T19:25:35Z">
          <reporter-output>
          </reporter-output>
        </test-method> <!-- loginApp -->
        <test-method status="PASS" signature="tearDownMethod(org.testng.ITestResult)[pri:0, instance:com.learnSutomation.testcases.LoginTestCrm@27efef64]" name="tearDownMethod" is-config="true" duration-ms="244" started-at="2020-05-02T19:25:35Z" finished-at="2020-05-02T19:25:35Z">
          <params>
            <param index="0">
              <value>
                <![CDATA[[TestResult name=loginApp status=SUCCESS method=LoginTestCrm.loginApp()[pri:0, instance:com.learnSutomation.testcases.LoginTestCrm@27efef64] output={null}]]]>
              </value>
            </param>
          </params>
          <reporter-output>
            <line>
              <![CDATA[Test is about to end ]]>
            </line>
            <line>
              <![CDATA[Test complited >>> Reports genarated]]>
            </line>
          </reporter-output>
        </test-method> <!-- tearDownMethod -->
        <test-method status="PASS" signature="tearDown()[pri:0, instance:com.learnSutomation.testcases.LoginTestCrm@27efef64]" name="tearDown" is-config="true" duration-ms="70" started-at="2020-05-02T19:25:35Z" finished-at="2020-05-02T19:25:35Z">
          <reporter-output>
          </reporter-output>
        </test-method> <!-- tearDown -->
      </class> <!-- com.learnSutomation.testcases.LoginTestCrm -->
    </test> <!-- Default test -->
  </suite> <!-- Default suite -->
</testng-results>
